{"/home/daniel/Documents/code/node/modules/evs/index.js":{"path":"/home/daniel/Documents/code/node/modules/evs/index.js","s":{"1":1},"b":{},"f":{},"fnMap":{},"statementMap":{"1":{"start":{"line":1,"column":0},"end":{"line":1,"column":38}}},"branchMap":{}},"/home/daniel/Documents/code/node/modules/evs/lib/evs.js":{"path":"/home/daniel/Documents/code/node/modules/evs/lib/evs.js","s":{"1":1,"2":29,"3":29,"4":18,"5":16,"6":16,"7":18,"8":7,"9":7,"10":11,"11":11,"12":1,"13":1,"14":7,"15":7,"16":3,"17":3,"18":3,"19":3,"20":1,"21":2,"22":1,"23":3,"24":8,"25":3,"26":8,"27":7,"28":7,"29":8,"30":5,"31":5,"32":8,"33":2,"34":2,"35":2,"36":19,"37":19,"38":25,"39":1,"40":24,"41":27,"42":27,"43":1,"44":42,"45":61,"46":15,"47":46,"48":27},"b":{"1":[16,2],"2":[1,2],"3":[3,1],"4":[1,1],"5":[2,1],"6":[7,1],"7":[5,3],"8":[2,3],"9":[1,24],"10":[15,46]},"f":{"1":29,"2":18,"3":7,"4":3,"5":3,"6":8,"7":2,"8":19,"9":27,"10":42},"fnMap":{"1":{"name":"(anonymous_1)","line":2,"loc":{"start":{"line":2,"column":13},"end":{"line":2,"column":16}}},"2":{"name":"(anonymous_2)","line":7,"loc":{"start":{"line":7,"column":4},"end":{"line":7,"column":18}}},"3":{"name":"(anonymous_3)","line":15,"loc":{"start":{"line":15,"column":6},"end":{"line":15,"column":20}}},"4":{"name":"(anonymous_4)","line":28,"loc":{"start":{"line":28,"column":5},"end":{"line":28,"column":13}}},"5":{"name":"(anonymous_5)","line":34,"loc":{"start":{"line":34,"column":5},"end":{"line":34,"column":15}}},"6":{"name":"(anonymous_6)","line":44,"loc":{"start":{"line":44,"column":9},"end":{"line":44,"column":22}}},"7":{"name":"(anonymous_7)","line":61,"loc":{"start":{"line":61,"column":8},"end":{"line":61,"column":11}}},"8":{"name":"(anonymous_8)","line":67,"loc":{"start":{"line":67,"column":11},"end":{"line":67,"column":22}}},"9":{"name":"(anonymous_9)","line":80,"loc":{"start":{"line":80,"column":17},"end":{"line":80,"column":23}}},"10":{"name":"_loop","line":83,"loc":{"start":{"line":83,"column":2},"end":{"line":83,"column":21}}}},"statementMap":{"1":{"start":{"line":1,"column":0},"end":{"line":95,"column":1}},"2":{"start":{"line":3,"column":2},"end":{"line":3,"column":29}},"3":{"start":{"line":4,"column":2},"end":{"line":4,"column":34}},"4":{"start":{"line":8,"column":2},"end":{"line":11,"column":3}},"5":{"start":{"line":9,"column":3},"end":{"line":9,"column":38}},"6":{"start":{"line":10,"column":3},"end":{"line":10,"column":30}},"7":{"start":{"line":12,"column":2},"end":{"line":12,"column":14}},"8":{"start":{"line":16,"column":2},"end":{"line":16,"column":37}},"9":{"start":{"line":17,"column":2},"end":{"line":23,"column":3}},"10":{"start":{"line":18,"column":3},"end":{"line":18,"column":21}},"11":{"start":{"line":19,"column":3},"end":{"line":22,"column":4}},"12":{"start":{"line":20,"column":4},"end":{"line":20,"column":32}},"13":{"start":{"line":21,"column":4},"end":{"line":21,"column":22}},"14":{"start":{"line":24,"column":2},"end":{"line":24,"column":21}},"15":{"start":{"line":25,"column":2},"end":{"line":25,"column":14}},"16":{"start":{"line":29,"column":2},"end":{"line":29,"column":37}},"17":{"start":{"line":30,"column":2},"end":{"line":30,"column":52}},"18":{"start":{"line":31,"column":2},"end":{"line":31,"column":14}},"19":{"start":{"line":35,"column":2},"end":{"line":40,"column":3}},"20":{"start":{"line":36,"column":3},"end":{"line":36,"column":41}},"21":{"start":{"line":38,"column":7},"end":{"line":40,"column":3}},"22":{"start":{"line":39,"column":3},"end":{"line":39,"column":31}},"23":{"start":{"line":41,"column":2},"end":{"line":41,"column":14}},"24":{"start":{"line":45,"column":2},"end":{"line":47,"column":3}},"25":{"start":{"line":46,"column":3},"end":{"line":46,"column":44}},"26":{"start":{"line":48,"column":2},"end":{"line":57,"column":3}},"27":{"start":{"line":49,"column":3},"end":{"line":49,"column":32}},"28":{"start":{"line":50,"column":3},"end":{"line":56,"column":4}},"29":{"start":{"line":51,"column":4},"end":{"line":55,"column":5}},"30":{"start":{"line":52,"column":5},"end":{"line":54,"column":7}},"31":{"start":{"line":53,"column":6},"end":{"line":53,"column":43}},"32":{"start":{"line":58,"column":2},"end":{"line":58,"column":14}},"33":{"start":{"line":62,"column":4},"end":{"line":62,"column":31}},"34":{"start":{"line":63,"column":2},"end":{"line":63,"column":34}},"35":{"start":{"line":64,"column":2},"end":{"line":64,"column":14}},"36":{"start":{"line":68,"column":2},"end":{"line":68,"column":31}},"37":{"start":{"line":69,"column":2},"end":{"line":76,"column":3}},"38":{"start":{"line":70,"column":3},"end":{"line":75,"column":4}},"39":{"start":{"line":71,"column":4},"end":{"line":71,"column":76}},"40":{"start":{"line":74,"column":4},"end":{"line":74,"column":38}},"41":{"start":{"line":81,"column":2},"end":{"line":81,"column":16}},"42":{"start":{"line":82,"column":2},"end":{"line":82,"column":13}},"43":{"start":{"line":83,"column":2},"end":{"line":92,"column":3}},"44":{"start":{"line":84,"column":3},"end":{"line":91,"column":4}},"45":{"start":{"line":85,"column":4},"end":{"line":90,"column":5}},"46":{"start":{"line":86,"column":5},"end":{"line":86,"column":17}},"47":{"start":{"line":89,"column":5},"end":{"line":89,"column":21}},"48":{"start":{"line":93,"column":2},"end":{"line":93,"column":24}}},"branchMap":{"1":{"line":8,"type":"if","locations":[{"start":{"line":8,"column":2},"end":{"line":8,"column":2}},{"start":{"line":8,"column":2},"end":{"line":8,"column":2}}]},"2":{"line":35,"type":"if","locations":[{"start":{"line":35,"column":2},"end":{"line":35,"column":2}},{"start":{"line":35,"column":2},"end":{"line":35,"column":2}}]},"3":{"line":35,"type":"binary-expr","locations":[{"start":{"line":35,"column":6},"end":{"line":35,"column":27}},{"start":{"line":35,"column":31},"end":{"line":35,"column":55}}]},"4":{"line":38,"type":"if","locations":[{"start":{"line":38,"column":7},"end":{"line":38,"column":7}},{"start":{"line":38,"column":7},"end":{"line":38,"column":7}}]},"5":{"line":46,"type":"cond-expr","locations":[{"start":{"line":46,"column":33},"end":{"line":46,"column":37}},{"start":{"line":46,"column":40},"end":{"line":46,"column":42}}]},"6":{"line":48,"type":"if","locations":[{"start":{"line":48,"column":2},"end":{"line":48,"column":2}},{"start":{"line":48,"column":2},"end":{"line":48,"column":2}}]},"7":{"line":51,"type":"if","locations":[{"start":{"line":51,"column":4},"end":{"line":51,"column":4}},{"start":{"line":51,"column":4},"end":{"line":51,"column":4}}]},"8":{"line":53,"type":"cond-expr","locations":[{"start":{"line":53,"column":18},"end":{"line":53,"column":22}},{"start":{"line":53,"column":25},"end":{"line":53,"column":27}}]},"9":{"line":70,"type":"if","locations":[{"start":{"line":70,"column":3},"end":{"line":70,"column":3}},{"start":{"line":70,"column":3},"end":{"line":70,"column":3}}]},"10":{"line":85,"type":"if","locations":[{"start":{"line":85,"column":4},"end":{"line":85,"column":4}},{"start":{"line":85,"column":4},"end":{"line":85,"column":4}}]}}}}