TN:
SF:/home/daniel/Documents/code/node/modules/evs/index.js
FNF:0
FNH:0
DA:1,1
LF:1
LH:1
BRF:0
BRH:0
end_of_record
TN:
SF:/home/daniel/Documents/code/node/modules/evs/lib/evs.js
FN:2,(anonymous_1)
FN:7,(anonymous_2)
FN:15,(anonymous_3)
FN:28,(anonymous_4)
FN:34,(anonymous_5)
FN:44,(anonymous_6)
FN:61,(anonymous_7)
FN:67,(anonymous_8)
FN:80,(anonymous_9)
FN:83,_loop
FNF:10
FNH:10
FNDA:29,(anonymous_1)
FNDA:18,(anonymous_2)
FNDA:7,(anonymous_3)
FNDA:3,(anonymous_4)
FNDA:3,(anonymous_5)
FNDA:8,(anonymous_6)
FNDA:2,(anonymous_7)
FNDA:19,(anonymous_8)
FNDA:27,(anonymous_9)
FNDA:42,_loop
DA:1,1
DA:3,29
DA:4,29
DA:8,18
DA:9,16
DA:10,16
DA:12,18
DA:16,7
DA:17,7
DA:18,11
DA:19,11
DA:20,1
DA:21,1
DA:24,7
DA:25,7
DA:29,3
DA:30,3
DA:31,3
DA:35,3
DA:36,1
DA:38,2
DA:39,1
DA:41,3
DA:45,8
DA:46,3
DA:48,8
DA:49,7
DA:50,7
DA:51,8
DA:52,5
DA:53,5
DA:58,8
DA:62,2
DA:63,2
DA:64,2
DA:68,19
DA:69,19
DA:70,25
DA:71,1
DA:74,24
DA:81,27
DA:82,27
DA:83,1
DA:84,42
DA:85,61
DA:86,15
DA:89,46
DA:93,27
LF:48
LH:48
BRDA:8,1,0,16
BRDA:8,1,1,2
BRDA:35,2,0,1
BRDA:35,2,1,2
BRDA:35,3,0,3
BRDA:35,3,1,1
BRDA:38,4,0,1
BRDA:38,4,1,1
BRDA:46,5,0,2
BRDA:46,5,1,1
BRDA:48,6,0,7
BRDA:48,6,1,1
BRDA:51,7,0,5
BRDA:51,7,1,3
BRDA:53,8,0,2
BRDA:53,8,1,3
BRDA:70,9,0,1
BRDA:70,9,1,24
BRDA:85,10,0,15
BRDA:85,10,1,46
BRF:20
BRH:20
end_of_record
